{
  "stats": {
    "suites": 2,
    "tests": 5,
    "passes": 5,
    "pending": 0,
    "failures": 0,
    "start": "2021-02-09T22:50:38.181Z",
    "end": "2021-02-09T22:50:38.233Z",
    "duration": 52,
    "testsRegistered": 5,
    "passPercent": 100,
    "pendingPercent": 0,
    "other": 0,
    "hasOther": false,
    "skipped": 0,
    "hasSkipped": false
  },
  "results": [
    {
      "uuid": "56889e63-3a2d-4ac7-a4d5-447b4de9b977",
      "title": "",
      "fullFile": "",
      "file": "",
      "beforeHooks": [],
      "afterHooks": [],
      "tests": [
        {
          "title": "Main page content",
          "fullTitle": "Main page content",
          "timedOut": false,
          "duration": 18,
          "state": "passed",
          "speed": "fast",
          "pass": true,
          "fail": false,
          "pending": false,
          "context": null,
          "code": "request('http://localhost:8000' , function(error, response, body) {\n    expect(body).to.equal('Hello World!');\n    done();\n});",
          "err": {},
          "uuid": "763ff088-834a-4fb8-ae9e-30a2b2655f60",
          "parentUUID": "56889e63-3a2d-4ac7-a4d5-447b4de9b977",
          "isHook": false,
          "skipped": false
        },
        {
          "title": "Main page status",
          "fullTitle": "Main page status",
          "timedOut": false,
          "duration": 3,
          "state": "passed",
          "speed": "fast",
          "pass": true,
          "fail": false,
          "pending": false,
          "context": null,
          "code": "request('http://localhost:8000' , function(error, response, body) {\n    expect(response.statusCode).to.equal(200);\n    done();\n});",
          "err": {},
          "uuid": "f7a2c475-63e0-4492-a19e-f95e7dca8ab1",
          "parentUUID": "56889e63-3a2d-4ac7-a4d5-447b4de9b977",
          "isHook": false,
          "skipped": false
        },
        {
          "title": "About page content",
          "fullTitle": "About page content",
          "timedOut": false,
          "duration": 3,
          "state": "passed",
          "speed": "fast",
          "pass": true,
          "fail": false,
          "pending": false,
          "context": null,
          "code": "request('http://localhost:8000/about' , function(error, response, body) {\n    expect(response.statusCode).to.equal(404);\n    done();\n});",
          "err": {},
          "uuid": "c50e8c8e-1d0e-4cd1-906b-90d4dc9a857d",
          "parentUUID": "56889e63-3a2d-4ac7-a4d5-447b4de9b977",
          "isHook": false,
          "skipped": false
        }
      ],
      "suites": [
        {
          "uuid": "9c4b3b53-4e9c-464c-b69e-692bcbe39b14",
          "title": "get all personal",
          "fullFile": "C:\\Users\\andre\\Desktop\\MIW\\work-space\\fenw-ws\\test_ci\\test\\testChaiREST.js",
          "file": "\\test\\testChaiREST.js",
          "beforeHooks": [],
          "afterHooks": [],
          "tests": [
            {
              "title": "should get all personal",
              "fullTitle": "get all personal should get all personal",
              "timedOut": false,
              "duration": 12,
              "state": "passed",
              "speed": "fast",
              "pass": true,
              "fail": false,
              "pending": false,
              "context": null,
              "code": "//chai.request(url)\nchai.request(toTest)\n    .get('/personal')\n    .end(function (err,res) {\n        console.log(res.body)\n        expect(res).to.have.status(200);\n        expect(res.body[0]).to.have.property('nombre','Fulanito');\n        expect(res.body).to.be.a('array');\n        done();\n        });",
              "err": {},
              "uuid": "dd31f85a-4bce-4f98-8bfa-4a69e480b19e",
              "parentUUID": "9c4b3b53-4e9c-464c-b69e-692bcbe39b14",
              "isHook": false,
              "skipped": false
            }
          ],
          "suites": [],
          "passes": [
            "dd31f85a-4bce-4f98-8bfa-4a69e480b19e"
          ],
          "failures": [],
          "pending": [],
          "skipped": [],
          "duration": 12,
          "root": false,
          "rootEmpty": false,
          "_timeout": 2000
        },
        {
          "uuid": "97ce86f4-76cf-4065-86f3-fdefa2e4e43e",
          "title": "get a single person",
          "fullFile": "C:\\Users\\andre\\Desktop\\MIW\\work-space\\fenw-ws\\test_ci\\test\\testChaiREST.js",
          "file": "\\test\\testChaiREST.js",
          "beforeHooks": [],
          "afterHooks": [],
          "tests": [
            {
              "title": "should get a single person",
              "fullTitle": "get a single person should get a single person",
              "timedOut": false,
              "duration": 5,
              "state": "passed",
              "speed": "fast",
              "pass": true,
              "fail": false,
              "pending": false,
              "context": null,
              "code": "//chai.request(url)\nchai.request(toTest)\n    .get('/personal/111A')\n    .end(function (err,res) {\n        console.log(res.body)\n        expect(res).to.have.status(200);\n        expect(res.body[0]).to.have.property('nombre','Fulanito');\n        expect(res.body[0]).to.have.property('dni','111A');\n        expect(res.body[0]).to.have.property('edad',35);\n        expect(res.body[0].edad).to.be.a('number');\n        done();\n    });",
              "err": {},
              "uuid": "b2ed57c2-2896-4bb2-afd7-770984f9096c",
              "parentUUID": "97ce86f4-76cf-4065-86f3-fdefa2e4e43e",
              "isHook": false,
              "skipped": false
            }
          ],
          "suites": [],
          "passes": [
            "b2ed57c2-2896-4bb2-afd7-770984f9096c"
          ],
          "failures": [],
          "pending": [],
          "skipped": [],
          "duration": 5,
          "root": false,
          "rootEmpty": false,
          "_timeout": 2000
        }
      ],
      "passes": [
        "763ff088-834a-4fb8-ae9e-30a2b2655f60",
        "f7a2c475-63e0-4492-a19e-f95e7dca8ab1",
        "c50e8c8e-1d0e-4cd1-906b-90d4dc9a857d"
      ],
      "failures": [],
      "pending": [],
      "skipped": [],
      "duration": 24,
      "root": true,
      "rootEmpty": false,
      "_timeout": 2000
    }
  ],
  "meta": {
    "mocha": {
      "version": "8.2.1"
    },
    "mochawesome": {
      "options": {
        "quiet": false,
        "reportFilename": "mochawesome",
        "saveHtml": true,
        "saveJson": true,
        "consoleReporter": "spec",
        "useInlineDiffs": false,
        "code": true
      },
      "version": "6.2.1"
    },
    "marge": {
      "options": null,
      "version": "5.1.0"
    }
  }
}