{
  "stats": {
    "suites": 2,
    "tests": 5,
    "passes": 5,
    "pending": 0,
    "failures": 0,
    "start": "2021-02-08T16:25:25.727Z",
    "end": "2021-02-08T16:25:25.789Z",
    "duration": 62,
    "testsRegistered": 5,
    "passPercent": 100,
    "pendingPercent": 0,
    "other": 0,
    "hasOther": false,
    "skipped": 0,
    "hasSkipped": false
  },
  "results": [
    {
      "uuid": "515f3ffb-a944-47d2-b147-531d698e4fe3",
      "title": "",
      "fullFile": "",
      "file": "",
      "beforeHooks": [],
      "afterHooks": [],
      "tests": [
        {
          "title": "Main page content",
          "fullTitle": "Main page content",
          "timedOut": false,
          "duration": 22,
          "state": "passed",
          "speed": "fast",
          "pass": true,
          "fail": false,
          "pending": false,
          "context": null,
          "code": "request('http://localhost:8000' , function(error, response, body) {\n    expect(body).to.equal('Hello World!');\n    done();\n});",
          "err": {},
          "uuid": "df1f6d17-3eca-49bd-9b09-7de991703263",
          "parentUUID": "515f3ffb-a944-47d2-b147-531d698e4fe3",
          "isHook": false,
          "skipped": false
        },
        {
          "title": "Main page status",
          "fullTitle": "Main page status",
          "timedOut": false,
          "duration": 3,
          "state": "passed",
          "speed": "fast",
          "pass": true,
          "fail": false,
          "pending": false,
          "context": null,
          "code": "request('http://localhost:8000' , function(error, response, body) {\n    expect(response.statusCode).to.equal(200);\n    done();\n});",
          "err": {},
          "uuid": "10337341-b432-45c9-b102-7b62e202ed37",
          "parentUUID": "515f3ffb-a944-47d2-b147-531d698e4fe3",
          "isHook": false,
          "skipped": false
        },
        {
          "title": "About page content",
          "fullTitle": "About page content",
          "timedOut": false,
          "duration": 5,
          "state": "passed",
          "speed": "fast",
          "pass": true,
          "fail": false,
          "pending": false,
          "context": null,
          "code": "request('http://localhost:8000/about' , function(error, response, body) {\n    expect(response.statusCode).to.equal(404);\n    done();\n});",
          "err": {},
          "uuid": "590339cf-ae93-4686-aefd-48fd9153595b",
          "parentUUID": "515f3ffb-a944-47d2-b147-531d698e4fe3",
          "isHook": false,
          "skipped": false
        }
      ],
      "suites": [
        {
          "uuid": "b6778874-50b9-4d7f-804a-9553a1512833",
          "title": "get all personal",
          "fullFile": "C:\\Users\\andre\\Desktop\\MIW\\work-space\\fenw-ws\\test_ci\\test\\testChaiREST.js",
          "file": "\\test\\testChaiREST.js",
          "beforeHooks": [],
          "afterHooks": [],
          "tests": [
            {
              "title": "should get all personal",
              "fullTitle": "get all personal should get all personal",
              "timedOut": false,
              "duration": 14,
              "state": "passed",
              "speed": "fast",
              "pass": true,
              "fail": false,
              "pending": false,
              "context": null,
              "code": "//chai.request(url)\nchai.request(toTest)\n    .get('/personal')\n    .end(function (err,res) {\n        console.log(res.body)\n        expect(res).to.have.status(200);\n        expect(res.body[0]).to.have.property('nombre','Fulanito');\n        expect(res.body).to.be.a('array');\n        done();\n        });",
              "err": {},
              "uuid": "9d1bbb60-b252-445b-9ba8-04f5fd8729a5",
              "parentUUID": "b6778874-50b9-4d7f-804a-9553a1512833",
              "isHook": false,
              "skipped": false
            }
          ],
          "suites": [],
          "passes": [
            "9d1bbb60-b252-445b-9ba8-04f5fd8729a5"
          ],
          "failures": [],
          "pending": [],
          "skipped": [],
          "duration": 14,
          "root": false,
          "rootEmpty": false,
          "_timeout": 2000
        },
        {
          "uuid": "7862861e-b84e-402a-9418-064377e6fac5",
          "title": "get a single person",
          "fullFile": "C:\\Users\\andre\\Desktop\\MIW\\work-space\\fenw-ws\\test_ci\\test\\testChaiREST.js",
          "file": "\\test\\testChaiREST.js",
          "beforeHooks": [],
          "afterHooks": [],
          "tests": [
            {
              "title": "should get a single person",
              "fullTitle": "get a single person should get a single person",
              "timedOut": false,
              "duration": 6,
              "state": "passed",
              "speed": "fast",
              "pass": true,
              "fail": false,
              "pending": false,
              "context": null,
              "code": "//chai.request(url)\nchai.request(toTest)\n    .get('/personal/111A')\n    .end(function (err,res) {\n        console.log(res.body)\n        expect(res).to.have.status(200);\n        expect(res.body[0]).to.have.property('nombre','Fulanito');\n        expect(res.body[0]).to.have.property('dni','111A');\n        expect(res.body[0]).to.have.property('edad',35);\n        expect(res.body[0].edad).to.be.a('number');\n        done();\n    });",
              "err": {},
              "uuid": "d7e0c207-be06-40fd-95f2-fbe567a7eca0",
              "parentUUID": "7862861e-b84e-402a-9418-064377e6fac5",
              "isHook": false,
              "skipped": false
            }
          ],
          "suites": [],
          "passes": [
            "d7e0c207-be06-40fd-95f2-fbe567a7eca0"
          ],
          "failures": [],
          "pending": [],
          "skipped": [],
          "duration": 6,
          "root": false,
          "rootEmpty": false,
          "_timeout": 2000
        }
      ],
      "passes": [
        "df1f6d17-3eca-49bd-9b09-7de991703263",
        "10337341-b432-45c9-b102-7b62e202ed37",
        "590339cf-ae93-4686-aefd-48fd9153595b"
      ],
      "failures": [],
      "pending": [],
      "skipped": [],
      "duration": 30,
      "root": true,
      "rootEmpty": false,
      "_timeout": 2000
    }
  ],
  "meta": {
    "mocha": {
      "version": "8.2.1"
    },
    "mochawesome": {
      "options": {
        "quiet": false,
        "reportFilename": "mochawesome",
        "saveHtml": true,
        "saveJson": true,
        "consoleReporter": "spec",
        "useInlineDiffs": false,
        "code": true
      },
      "version": "6.2.1"
    },
    "marge": {
      "options": null,
      "version": "5.1.0"
    }
  }
}