{
  "stats": {
    "suites": 1,
    "tests": 4,
    "passes": 4,
    "pending": 0,
    "failures": 0,
    "start": "2021-02-02T17:19:11.552Z",
    "end": "2021-02-02T17:19:11.594Z",
    "duration": 42,
    "testsRegistered": 4,
    "passPercent": 100,
    "pendingPercent": 0,
    "other": 0,
    "hasOther": false,
    "skipped": 0,
    "hasSkipped": false
  },
  "results": [
    {
      "uuid": "561e86f4-1f3a-4d3f-8c13-0ff45e427d34",
      "title": "",
      "fullFile": "",
      "file": "",
      "beforeHooks": [],
      "afterHooks": [],
      "tests": [
        {
          "title": "Main page content",
          "fullTitle": "Main page content",
          "timedOut": false,
          "duration": 21,
          "state": "passed",
          "speed": "fast",
          "pass": true,
          "fail": false,
          "pending": false,
          "context": null,
          "code": "request('http://localhost:8000' , function(error, response, body) {\n    expect(body).to.equal('Hello World!');\n    done();\n});",
          "err": {},
          "uuid": "20f684ba-881e-4ff7-9ef7-93f73d3d843e",
          "parentUUID": "561e86f4-1f3a-4d3f-8c13-0ff45e427d34",
          "isHook": false,
          "skipped": false
        },
        {
          "title": "Main page status",
          "fullTitle": "Main page status",
          "timedOut": false,
          "duration": 2,
          "state": "passed",
          "speed": "fast",
          "pass": true,
          "fail": false,
          "pending": false,
          "context": null,
          "code": "request('http://localhost:8000' , function(error, response, body) {\n    expect(response.statusCode).to.equal(200);\n    done();\n});",
          "err": {},
          "uuid": "3eae6424-ad5d-4948-8f2c-edc3649a47f5",
          "parentUUID": "561e86f4-1f3a-4d3f-8c13-0ff45e427d34",
          "isHook": false,
          "skipped": false
        },
        {
          "title": "About page content",
          "fullTitle": "About page content",
          "timedOut": false,
          "duration": 3,
          "state": "passed",
          "speed": "fast",
          "pass": true,
          "fail": false,
          "pending": false,
          "context": null,
          "code": "request('http://localhost:8000/about' , function(error, response, body) {\n    expect(response.statusCode).to.equal(404);\n    done();\n});",
          "err": {},
          "uuid": "f23cf4b9-0791-420b-b135-ee7b17b41b9e",
          "parentUUID": "561e86f4-1f3a-4d3f-8c13-0ff45e427d34",
          "isHook": false,
          "skipped": false
        }
      ],
      "suites": [
        {
          "uuid": "30ceedb4-530b-45fb-8d82-568d0e787ac7",
          "title": "get all personal",
          "fullFile": "C:\\Users\\andre\\Desktop\\MIW\\work-space\\fenw-ws\\test_ci\\test\\testChaiREST.js",
          "file": "\\test\\testChaiREST.js",
          "beforeHooks": [],
          "afterHooks": [],
          "tests": [
            {
              "title": "should get all personal",
              "fullTitle": "get all personal should get all personal",
              "timedOut": false,
              "duration": 10,
              "state": "passed",
              "speed": "fast",
              "pass": true,
              "fail": false,
              "pending": false,
              "context": null,
              "code": "chai.request(url)\n    .get('/personal')\n    .end(function (err,res) {\n        console.log(res.body)\n        expect(res).to.have.status(200);\n        expect(res.body[0]).to.have.property('nombre','Fulanito');\n        done();\n        });",
              "err": {},
              "uuid": "111e7db2-8096-432e-9a32-a8b32df602d7",
              "parentUUID": "30ceedb4-530b-45fb-8d82-568d0e787ac7",
              "isHook": false,
              "skipped": false
            }
          ],
          "suites": [],
          "passes": [
            "111e7db2-8096-432e-9a32-a8b32df602d7"
          ],
          "failures": [],
          "pending": [],
          "skipped": [],
          "duration": 10,
          "root": false,
          "rootEmpty": false,
          "_timeout": 2000
        }
      ],
      "passes": [
        "20f684ba-881e-4ff7-9ef7-93f73d3d843e",
        "3eae6424-ad5d-4948-8f2c-edc3649a47f5",
        "f23cf4b9-0791-420b-b135-ee7b17b41b9e"
      ],
      "failures": [],
      "pending": [],
      "skipped": [],
      "duration": 26,
      "root": true,
      "rootEmpty": false,
      "_timeout": 2000
    }
  ],
  "meta": {
    "mocha": {
      "version": "8.2.1"
    },
    "mochawesome": {
      "options": {
        "quiet": false,
        "reportFilename": "mochawesome",
        "saveHtml": true,
        "saveJson": true,
        "consoleReporter": "spec",
        "useInlineDiffs": false,
        "code": true
      },
      "version": "6.2.1"
    },
    "marge": {
      "options": null,
      "version": "5.1.0"
    }
  }
}