{
  "stats": {
    "suites": 2,
    "tests": 5,
    "passes": 5,
    "pending": 0,
    "failures": 0,
    "start": "2021-02-08T18:58:33.257Z",
    "end": "2021-02-08T18:58:33.322Z",
    "duration": 65,
    "testsRegistered": 5,
    "passPercent": 100,
    "pendingPercent": 0,
    "other": 0,
    "hasOther": false,
    "skipped": 0,
    "hasSkipped": false
  },
  "results": [
    {
      "uuid": "905ce514-d840-4412-ba88-13100212ab66",
      "title": "",
      "fullFile": "",
      "file": "",
      "beforeHooks": [],
      "afterHooks": [],
      "tests": [
        {
          "title": "Main page content",
          "fullTitle": "Main page content",
          "timedOut": false,
          "duration": 20,
          "state": "passed",
          "speed": "fast",
          "pass": true,
          "fail": false,
          "pending": false,
          "context": null,
          "code": "request('http://localhost:8000' , function(error, response, body) {\n    expect(body).to.equal('Hello World!');\n    done();\n});",
          "err": {},
          "uuid": "60846530-e043-4b4a-ac00-f59215bfcc00",
          "parentUUID": "905ce514-d840-4412-ba88-13100212ab66",
          "isHook": false,
          "skipped": false
        },
        {
          "title": "Main page status",
          "fullTitle": "Main page status",
          "timedOut": false,
          "duration": 3,
          "state": "passed",
          "speed": "fast",
          "pass": true,
          "fail": false,
          "pending": false,
          "context": null,
          "code": "request('http://localhost:8000' , function(error, response, body) {\n    expect(response.statusCode).to.equal(200);\n    done();\n});",
          "err": {},
          "uuid": "a3a5be5e-265e-4c84-a521-6b5a1d31c608",
          "parentUUID": "905ce514-d840-4412-ba88-13100212ab66",
          "isHook": false,
          "skipped": false
        },
        {
          "title": "About page content",
          "fullTitle": "About page content",
          "timedOut": false,
          "duration": 6,
          "state": "passed",
          "speed": "fast",
          "pass": true,
          "fail": false,
          "pending": false,
          "context": null,
          "code": "request('http://localhost:8000/about' , function(error, response, body) {\n    expect(response.statusCode).to.equal(404);\n    done();\n});",
          "err": {},
          "uuid": "e37b9c62-2574-4169-ad55-4d1ef1838f56",
          "parentUUID": "905ce514-d840-4412-ba88-13100212ab66",
          "isHook": false,
          "skipped": false
        }
      ],
      "suites": [
        {
          "uuid": "c9cf9ac2-fa05-40d1-8597-6f1fd4091684",
          "title": "get all personal",
          "fullFile": "C:\\Users\\andre\\Desktop\\MIW\\work-space\\fenw-ws\\test_ci\\test\\testChaiREST.js",
          "file": "\\test\\testChaiREST.js",
          "beforeHooks": [],
          "afterHooks": [],
          "tests": [
            {
              "title": "should get all personal",
              "fullTitle": "get all personal should get all personal",
              "timedOut": false,
              "duration": 13,
              "state": "passed",
              "speed": "fast",
              "pass": true,
              "fail": false,
              "pending": false,
              "context": null,
              "code": "//chai.request(url)\nchai.request(toTest)\n    .get('/personal')\n    .end(function (err,res) {\n        console.log(res.body)\n        expect(res).to.have.status(200);\n        expect(res.body[0]).to.have.property('nombre','Fulanito');\n        expect(res.body).to.be.a('array');\n        done();\n        });",
              "err": {},
              "uuid": "68d8ac2e-d7e7-43ac-8cfd-365bc1d41647",
              "parentUUID": "c9cf9ac2-fa05-40d1-8597-6f1fd4091684",
              "isHook": false,
              "skipped": false
            }
          ],
          "suites": [],
          "passes": [
            "68d8ac2e-d7e7-43ac-8cfd-365bc1d41647"
          ],
          "failures": [],
          "pending": [],
          "skipped": [],
          "duration": 13,
          "root": false,
          "rootEmpty": false,
          "_timeout": 2000
        },
        {
          "uuid": "2b0f5ec4-749b-420b-a684-d69e036caf7d",
          "title": "get a single person",
          "fullFile": "C:\\Users\\andre\\Desktop\\MIW\\work-space\\fenw-ws\\test_ci\\test\\testChaiREST.js",
          "file": "\\test\\testChaiREST.js",
          "beforeHooks": [],
          "afterHooks": [],
          "tests": [
            {
              "title": "should get a single person",
              "fullTitle": "get a single person should get a single person",
              "timedOut": false,
              "duration": 5,
              "state": "passed",
              "speed": "fast",
              "pass": true,
              "fail": false,
              "pending": false,
              "context": null,
              "code": "//chai.request(url)\nchai.request(toTest)\n    .get('/personal/111A')\n    .end(function (err,res) {\n        console.log(res.body)\n        expect(res).to.have.status(200);\n        expect(res.body[0]).to.have.property('nombre','Fulanito');\n        expect(res.body[0]).to.have.property('dni','111A');\n        expect(res.body[0]).to.have.property('edad',35);\n        expect(res.body[0].edad).to.be.a('number');\n        done();\n    });",
              "err": {},
              "uuid": "48fd322d-b668-422d-b813-5029b56ba381",
              "parentUUID": "2b0f5ec4-749b-420b-a684-d69e036caf7d",
              "isHook": false,
              "skipped": false
            }
          ],
          "suites": [],
          "passes": [
            "48fd322d-b668-422d-b813-5029b56ba381"
          ],
          "failures": [],
          "pending": [],
          "skipped": [],
          "duration": 5,
          "root": false,
          "rootEmpty": false,
          "_timeout": 2000
        }
      ],
      "passes": [
        "60846530-e043-4b4a-ac00-f59215bfcc00",
        "a3a5be5e-265e-4c84-a521-6b5a1d31c608",
        "e37b9c62-2574-4169-ad55-4d1ef1838f56"
      ],
      "failures": [],
      "pending": [],
      "skipped": [],
      "duration": 29,
      "root": true,
      "rootEmpty": false,
      "_timeout": 2000
    }
  ],
  "meta": {
    "mocha": {
      "version": "8.2.1"
    },
    "mochawesome": {
      "options": {
        "quiet": false,
        "reportFilename": "mochawesome",
        "saveHtml": true,
        "saveJson": true,
        "consoleReporter": "spec",
        "useInlineDiffs": false,
        "code": true
      },
      "version": "6.2.1"
    },
    "marge": {
      "options": null,
      "version": "5.1.0"
    }
  }
}