{
  "stats": {
    "suites": 1,
    "tests": 4,
    "passes": 4,
    "pending": 0,
    "failures": 0,
    "start": "2021-02-03T11:39:12.603Z",
    "end": "2021-02-03T11:39:12.688Z",
    "duration": 85,
    "testsRegistered": 4,
    "passPercent": 100,
    "pendingPercent": 0,
    "other": 0,
    "hasOther": false,
    "skipped": 0,
    "hasSkipped": false
  },
  "results": [
    {
      "uuid": "fca731a9-ce94-4bd6-8aed-10887b47a987",
      "title": "",
      "fullFile": "",
      "file": "",
      "beforeHooks": [],
      "afterHooks": [],
      "tests": [
        {
          "title": "Main page content",
          "fullTitle": "Main page content",
          "timedOut": false,
          "duration": 41,
          "state": "passed",
          "speed": "medium",
          "pass": true,
          "fail": false,
          "pending": false,
          "context": null,
          "code": "request('http://localhost:8000' , function(error, response, body) {\n    expect(body).to.equal('Hello World!');\n    done();\n});",
          "err": {},
          "uuid": "c7945fbf-ece4-49a3-92d8-e302675646b6",
          "parentUUID": "fca731a9-ce94-4bd6-8aed-10887b47a987",
          "isHook": false,
          "skipped": false
        },
        {
          "title": "Main page status",
          "fullTitle": "Main page status",
          "timedOut": false,
          "duration": 7,
          "state": "passed",
          "speed": "fast",
          "pass": true,
          "fail": false,
          "pending": false,
          "context": null,
          "code": "request('http://localhost:8000' , function(error, response, body) {\n    expect(response.statusCode).to.equal(200);\n    done();\n});",
          "err": {},
          "uuid": "63374e76-db50-4dac-8d84-a071b9eabf9c",
          "parentUUID": "fca731a9-ce94-4bd6-8aed-10887b47a987",
          "isHook": false,
          "skipped": false
        },
        {
          "title": "About page content",
          "fullTitle": "About page content",
          "timedOut": false,
          "duration": 8,
          "state": "passed",
          "speed": "fast",
          "pass": true,
          "fail": false,
          "pending": false,
          "context": null,
          "code": "request('http://localhost:8000/about' , function(error, response, body) {\n    expect(response.statusCode).to.equal(404);\n    done();\n});",
          "err": {},
          "uuid": "fbf8c5e0-e2ce-4749-87e6-992257405795",
          "parentUUID": "fca731a9-ce94-4bd6-8aed-10887b47a987",
          "isHook": false,
          "skipped": false
        }
      ],
      "suites": [
        {
          "uuid": "e72816ea-82d3-4f7d-8ae7-f471c77bc72d",
          "title": "get all personal",
          "fullFile": "C:\\Users\\andre\\Desktop\\MIW\\work-space\\fenw-ws\\test_ci\\test\\testChaiREST.js",
          "file": "\\test\\testChaiREST.js",
          "beforeHooks": [],
          "afterHooks": [],
          "tests": [
            {
              "title": "should get all personal",
              "fullTitle": "get all personal should get all personal",
              "timedOut": false,
              "duration": 19,
              "state": "passed",
              "speed": "fast",
              "pass": true,
              "fail": false,
              "pending": false,
              "context": null,
              "code": "chai.request(url)\n    .get('/personal')\n    .end(function (err,res) {\n        console.log(res.body)\n        expect(res).to.have.status(200);\n        expect(res.body[0]).to.have.property('nombre','Fulanito');\n        expect(res.body).to.be.a('array');\n        done();\n        });",
              "err": {},
              "uuid": "1adf0a92-2c31-445a-9a47-5ae9acd0c1b6",
              "parentUUID": "e72816ea-82d3-4f7d-8ae7-f471c77bc72d",
              "isHook": false,
              "skipped": false
            }
          ],
          "suites": [],
          "passes": [
            "1adf0a92-2c31-445a-9a47-5ae9acd0c1b6"
          ],
          "failures": [],
          "pending": [],
          "skipped": [],
          "duration": 19,
          "root": false,
          "rootEmpty": false,
          "_timeout": 2000
        }
      ],
      "passes": [
        "c7945fbf-ece4-49a3-92d8-e302675646b6",
        "63374e76-db50-4dac-8d84-a071b9eabf9c",
        "fbf8c5e0-e2ce-4749-87e6-992257405795"
      ],
      "failures": [],
      "pending": [],
      "skipped": [],
      "duration": 56,
      "root": true,
      "rootEmpty": false,
      "_timeout": 2000
    }
  ],
  "meta": {
    "mocha": {
      "version": "8.2.1"
    },
    "mochawesome": {
      "options": {
        "quiet": false,
        "reportFilename": "mochawesome",
        "saveHtml": true,
        "saveJson": true,
        "consoleReporter": "spec",
        "useInlineDiffs": false,
        "code": true
      },
      "version": "6.2.1"
    },
    "marge": {
      "options": null,
      "version": "5.1.0"
    }
  }
}