TN:
SF:index.js
FN:18,(anonymous_0)
FN:26,(anonymous_1)
FNF:2
FNH:2
FNDA:2,(anonymous_0)
FNDA:1,(anonymous_1)
DA:1,1
DA:2,1
DA:3,1
DA:4,1
DA:6,1
DA:7,1
DA:9,1
DA:12,1
DA:14,1
DA:15,1
DA:18,1
DA:19,2
DA:21,1
DA:22,1
DA:23,1
DA:26,1
DA:27,1
DA:28,1
DA:31,1
LF:19
LH:19
BRF:0
BRH:0
end_of_record
TN:
SF:app\database.js
FN:13,(anonymous_0)
FNF:1
FNH:1
FNDA:1,(anonymous_0)
DA:1,1
DA:2,1
DA:3,1
DA:5,1
DA:13,1
DA:14,1
DA:15,0
DA:16,0
DA:18,1
DA:22,1
LF:10
LH:8
BRDA:14,0,0,0
BRDA:14,0,1,1
BRF:2
BRH:1
end_of_record
TN:
SF:app\routes\personal.js
FN:4,listPersonal
FN:7,(anonymous_1)
FN:18,getPersonalByDNI
FN:21,(anonymous_3)
FN:33,postPersonalByDNI
FN:37,(anonymous_5)
FNF:6
FNH:4
FNDA:1,listPersonal
FNDA:1,(anonymous_1)
FNDA:1,getPersonalByDNI
FNDA:1,(anonymous_3)
FNDA:0,postPersonalByDNI
FNDA:0,(anonymous_5)
DA:1,1
DA:2,1
DA:5,1
DA:6,1
DA:7,1
DA:8,1
DA:9,0
DA:10,0
DA:12,1
DA:16,1
DA:19,1
DA:20,1
DA:21,1
DA:22,1
DA:23,0
DA:24,0
DA:26,1
DA:30,1
DA:34,0
DA:35,0
DA:36,0
DA:37,0
DA:38,0
DA:39,0
DA:40,0
DA:42,0
DA:46,1
LF:27
LH:15
BRDA:8,0,0,0
BRDA:8,0,1,1
BRDA:22,1,0,0
BRDA:22,1,1,1
BRDA:38,2,0,0
BRDA:38,2,1,0
BRF:6
BRH:2
end_of_record
